2025-06-12 19:32:48,743 - INFO - Attempting to fetch data (attempt 1/3)
2025-06-12 19:32:51,718 - INFO - Successfully fetched data from API
2025-06-12 19:32:51,726 - INFO - Data structure validation passed
2025-06-12 19:32:52,457 - INFO - Data normalization completed. Shape: (320, 11)
2025-06-12 19:32:52,458 - INFO - Employee data processing completed successfully
2025-06-12 19:33:45,290 - INFO - Attempting to fetch data (attempt 1/2)
2025-06-12 19:33:45,300 - ERROR - Connection error on attempt 1
2025-06-12 19:33:45,306 - INFO - Waiting 1 seconds before retry...
2025-06-12 19:33:46,313 - INFO - Attempting to fetch data (attempt 2/2)
2025-06-12 19:33:46,316 - ERROR - Connection error on attempt 2
2025-06-12 19:33:46,316 - ERROR - Failed to fetch data after all retry attempts
2025-06-12 19:33:46,318 - INFO - Attempting to fetch data (attempt 1/2)
2025-06-12 19:33:46,318 - ERROR - API returned status code 404: Not Found
2025-06-12 19:33:46,320 - INFO - Waiting 1 seconds before retry...
2025-06-12 19:33:47,322 - INFO - Attempting to fetch data (attempt 2/2)
2025-06-12 19:33:47,328 - ERROR - API returned status code 404: Not Found
2025-06-12 19:33:47,330 - ERROR - Failed to fetch data after all retry attempts
2025-06-12 19:33:47,356 - INFO - Attempting to fetch data (attempt 1/2)
2025-06-12 19:33:47,367 - INFO - Successfully fetched data from API
2025-06-12 19:33:47,433 - INFO - Attempting to fetch data (attempt 1/2)
2025-06-12 19:33:47,439 - ERROR - Timeout error on attempt 1
2025-06-12 19:33:47,469 - INFO - Waiting 1 seconds before retry...
2025-06-12 19:33:48,488 - INFO - Attempting to fetch data (attempt 2/2)
2025-06-12 19:33:48,488 - ERROR - Timeout error on attempt 2
2025-06-12 19:33:48,489 - ERROR - Failed to fetch data after all retry attempts
2025-06-12 19:33:48,494 - WARNING - Could not parse date: invalid-date
2025-06-12 19:33:48,558 - INFO - Data normalization completed. Shape: (2, 12)
2025-06-12 19:33:48,589 - INFO - Data normalization completed. Shape: (2, 12)
2025-06-12 19:33:48,589 - INFO - Employee data processing completed successfully
2025-06-12 19:33:48,605 - ERROR - Data list is empty
2025-06-12 19:33:48,605 - ERROR - Data is not a list
2025-06-12 19:33:48,612 - ERROR - Missing required fields: ['last_name', 'email', 'job_title', 'phone', 'gender', 'age', 'years_of_experience', 'salary', 'department']
2025-06-12 19:33:48,614 - INFO - Data structure validation passed
2025-06-12 19:36:33,243 - INFO - Attempting to fetch data (attempt 1/2)
2025-06-12 19:36:33,247 - ERROR - Connection error on attempt 1
2025-06-12 19:36:33,247 - INFO - Waiting 1 seconds before retry...
2025-06-12 19:36:34,248 - INFO - Attempting to fetch data (attempt 2/2)
2025-06-12 19:36:34,249 - ERROR - Connection error on attempt 2
2025-06-12 19:36:34,249 - ERROR - Failed to fetch data after all retry attempts
2025-06-12 19:36:34,250 - INFO - Attempting to fetch data (attempt 1/2)
2025-06-12 19:36:34,250 - ERROR - API returned status code 404: Not Found
2025-06-12 19:36:34,250 - INFO - Waiting 1 seconds before retry...
2025-06-12 19:36:35,252 - INFO - Attempting to fetch data (attempt 2/2)
2025-06-12 19:36:35,253 - ERROR - API returned status code 404: Not Found
2025-06-12 19:36:35,254 - ERROR - Failed to fetch data after all retry attempts
2025-06-12 19:36:35,254 - INFO - Attempting to fetch data (attempt 1/2)
2025-06-12 19:36:35,257 - INFO - Successfully fetched data from API
2025-06-12 19:36:35,257 - INFO - Attempting to fetch data (attempt 1/2)
2025-06-12 19:36:35,259 - ERROR - Timeout error on attempt 1
2025-06-12 19:36:35,259 - INFO - Waiting 1 seconds before retry...
2025-06-12 19:36:36,264 - INFO - Attempting to fetch data (attempt 2/2)
2025-06-12 19:36:36,265 - ERROR - Timeout error on attempt 2
2025-06-12 19:36:36,265 - ERROR - Failed to fetch data after all retry attempts
2025-06-12 19:36:36,275 - WARNING - Could not parse date: invalid-date
2025-06-12 19:36:36,316 - INFO - Data normalization completed. Shape: (2, 12)
2025-06-12 19:36:36,348 - INFO - Data normalization completed. Shape: (2, 12)
2025-06-12 19:36:36,348 - INFO - Employee data processing completed successfully
2025-06-12 19:36:36,356 - ERROR - Data list is empty
2025-06-12 19:36:36,358 - ERROR - Data is not a list
2025-06-12 19:36:36,360 - ERROR - Missing required fields: ['last_name', 'email', 'job_title', 'phone', 'gender', 'age', 'years_of_experience', 'salary', 'department']
2025-06-12 19:36:36,363 - INFO - Data structure validation passed
2025-06-12 19:38:37,037 - INFO - Attempting to fetch data (attempt 1/2)
2025-06-12 19:38:37,043 - ERROR - Connection error on attempt 1
2025-06-12 19:38:37,044 - INFO - Waiting 1 seconds before retry...
2025-06-12 19:38:38,046 - INFO - Attempting to fetch data (attempt 2/2)
2025-06-12 19:38:38,046 - ERROR - Connection error on attempt 2
2025-06-12 19:38:38,048 - ERROR - Failed to fetch data after all retry attempts
2025-06-12 19:38:38,052 - INFO - Attempting to fetch data (attempt 1/2)
2025-06-12 19:38:38,054 - ERROR - API returned status code 404: Not Found
2025-06-12 19:38:38,057 - INFO - Waiting 1 seconds before retry...
2025-06-12 19:38:39,059 - INFO - Attempting to fetch data (attempt 2/2)
2025-06-12 19:38:39,059 - ERROR - API returned status code 404: Not Found
2025-06-12 19:38:39,062 - ERROR - Failed to fetch data after all retry attempts
2025-06-12 19:38:39,070 - INFO - Attempting to fetch data (attempt 1/2)
2025-06-12 19:38:39,070 - INFO - Successfully fetched data from API
2025-06-12 19:38:39,070 - INFO - Attempting to fetch data (attempt 1/2)
2025-06-12 19:38:39,085 - ERROR - Timeout error on attempt 1
2025-06-12 19:38:39,086 - INFO - Waiting 1 seconds before retry...
2025-06-12 19:38:40,089 - INFO - Attempting to fetch data (attempt 2/2)
2025-06-12 19:38:40,089 - ERROR - Timeout error on attempt 2
2025-06-12 19:38:40,089 - ERROR - Failed to fetch data after all retry attempts
2025-06-12 19:38:40,098 - WARNING - Could not parse date: invalid-date
2025-06-12 19:38:40,147 - INFO - Data normalization completed. Shape: (2, 12)
2025-06-12 19:38:40,181 - INFO - Data normalization completed. Shape: (2, 12)
2025-06-12 19:38:40,183 - INFO - Employee data processing completed successfully
2025-06-12 19:38:40,192 - ERROR - Data list is empty
2025-06-12 19:38:40,194 - ERROR - Data is not a list
2025-06-12 19:38:40,197 - ERROR - Missing required fields: ['last_name', 'email', 'job_title', 'phone', 'gender', 'age', 'years_of_experience', 'salary', 'department']
2025-06-12 19:38:40,199 - INFO - Data structure validation passed
2025-06-12 19:39:41,803 - INFO - Attempting to fetch data (attempt 1/2)
2025-06-12 19:39:41,804 - ERROR - Connection error on attempt 1
2025-06-12 19:39:41,806 - INFO - Waiting 1 seconds before retry...
2025-06-12 19:39:42,807 - INFO - Attempting to fetch data (attempt 2/2)
2025-06-12 19:39:42,807 - ERROR - Connection error on attempt 2
2025-06-12 19:39:42,807 - ERROR - Failed to fetch data after all retry attempts
2025-06-12 19:39:42,807 - INFO - Attempting to fetch data (attempt 1/2)
2025-06-12 19:39:42,807 - ERROR - API returned status code 404: Not Found
2025-06-12 19:39:42,820 - INFO - Waiting 1 seconds before retry...
2025-06-12 19:39:43,823 - INFO - Attempting to fetch data (attempt 2/2)
2025-06-12 19:39:43,824 - ERROR - API returned status code 404: Not Found
2025-06-12 19:39:43,829 - ERROR - Failed to fetch data after all retry attempts
2025-06-12 19:39:43,834 - INFO - Attempting to fetch data (attempt 1/2)
2025-06-12 19:39:43,839 - INFO - Successfully fetched data from API
2025-06-12 19:39:43,848 - INFO - Attempting to fetch data (attempt 1/2)
2025-06-12 19:39:43,851 - ERROR - Timeout error on attempt 1
2025-06-12 19:39:43,854 - INFO - Waiting 1 seconds before retry...
2025-06-12 19:39:44,859 - INFO - Attempting to fetch data (attempt 2/2)
2025-06-12 19:39:44,861 - ERROR - Timeout error on attempt 2
2025-06-12 19:39:44,861 - ERROR - Failed to fetch data after all retry attempts
2025-06-12 19:39:44,874 - WARNING - Could not parse date: invalid-date
2025-06-12 19:39:44,909 - INFO - Data normalization completed. Shape: (2, 12)
2025-06-12 19:39:44,933 - INFO - Data normalization completed. Shape: (2, 12)
2025-06-12 19:39:44,933 - INFO - Employee data processing completed successfully
2025-06-12 19:39:44,945 - ERROR - Data list is empty
2025-06-12 19:39:44,949 - ERROR - Data is not a list
2025-06-12 19:39:44,949 - ERROR - Missing required fields: ['last_name', 'email', 'job_title', 'phone', 'gender', 'age', 'years_of_experience', 'salary', 'department']
2025-06-12 19:39:44,951 - INFO - Data structure validation passed
2025-06-12 19:43:48,073 - INFO - Attempting to fetch data (attempt 1/3)
2025-06-12 19:43:51,960 - INFO - Successfully fetched data from API
2025-06-12 19:43:51,969 - INFO - Data structure validation passed
2025-06-12 19:43:52,040 - INFO - Data normalization completed. Shape: (320, 11)
2025-06-12 19:43:52,043 - INFO - Employee data processing completed successfully
2025-06-12 19:45:08,512 - INFO - Attempting to fetch data (attempt 1/2)
2025-06-12 19:45:08,513 - ERROR - Connection error on attempt 1
2025-06-12 19:45:08,515 - INFO - Waiting 1 seconds before retry...
2025-06-12 19:45:09,523 - INFO - Attempting to fetch data (attempt 2/2)
2025-06-12 19:45:09,529 - ERROR - Connection error on attempt 2
2025-06-12 19:45:09,545 - ERROR - Failed to fetch data after all retry attempts
2025-06-12 19:45:09,642 - INFO - Attempting to fetch data (attempt 1/2)
2025-06-12 19:45:09,663 - ERROR - API returned status code 404: Not Found
2025-06-12 19:45:09,675 - INFO - Waiting 1 seconds before retry...
2025-06-12 19:45:10,681 - INFO - Attempting to fetch data (attempt 2/2)
2025-06-12 19:45:10,683 - ERROR - API returned status code 404: Not Found
2025-06-12 19:45:10,683 - ERROR - Failed to fetch data after all retry attempts
2025-06-12 19:45:10,686 - INFO - Attempting to fetch data (attempt 1/2)
2025-06-12 19:45:10,687 - INFO - Successfully fetched data from API
2025-06-12 19:45:10,687 - INFO - Attempting to fetch data (attempt 1/2)
2025-06-12 19:45:10,689 - ERROR - Timeout error on attempt 1
2025-06-12 19:45:10,689 - INFO - Waiting 1 seconds before retry...
2025-06-12 19:45:11,692 - INFO - Attempting to fetch data (attempt 2/2)
2025-06-12 19:45:11,692 - ERROR - Timeout error on attempt 2
2025-06-12 19:45:11,692 - ERROR - Failed to fetch data after all retry attempts
2025-06-12 19:45:11,697 - WARNING - Could not parse date: invalid-date
2025-06-12 19:45:11,740 - INFO - Data normalization completed. Shape: (2, 12)
2025-06-12 19:45:11,759 - INFO - Data normalization completed. Shape: (2, 12)
2025-06-12 19:45:11,759 - INFO - Employee data processing completed successfully
2025-06-12 19:45:11,772 - ERROR - Data list is empty
2025-06-12 19:45:11,778 - ERROR - Data is not a list
2025-06-12 19:45:11,779 - ERROR - Missing required fields: ['last_name', 'email', 'job_title', 'phone', 'gender', 'age', 'years_of_experience', 'salary', 'department']
2025-06-12 19:45:11,780 - INFO - Data structure validation passed
2025-06-12 19:45:31,025 - INFO - Attempting to fetch data (attempt 1/2)
2025-06-12 19:45:31,025 - ERROR - Connection error on attempt 1
2025-06-12 19:45:31,027 - INFO - Waiting 1 seconds before retry...
2025-06-12 19:45:32,029 - INFO - Attempting to fetch data (attempt 2/2)
2025-06-12 19:45:32,029 - ERROR - Connection error on attempt 2
2025-06-12 19:45:32,032 - ERROR - Failed to fetch data after all retry attempts
2025-06-12 19:45:32,034 - INFO - Attempting to fetch data (attempt 1/2)
2025-06-12 19:45:32,038 - ERROR - API returned status code 404: Not Found
2025-06-12 19:45:32,040 - INFO - Waiting 1 seconds before retry...
2025-06-12 19:45:33,042 - INFO - Attempting to fetch data (attempt 2/2)
2025-06-12 19:45:33,042 - ERROR - API returned status code 404: Not Found
2025-06-12 19:45:33,042 - ERROR - Failed to fetch data after all retry attempts
2025-06-12 19:45:33,057 - INFO - Attempting to fetch data (attempt 1/2)
2025-06-12 19:45:33,059 - INFO - Successfully fetched data from API
2025-06-12 19:45:33,074 - INFO - Attempting to fetch data (attempt 1/2)
2025-06-12 19:45:33,076 - ERROR - Timeout error on attempt 1
2025-06-12 19:45:33,081 - INFO - Waiting 1 seconds before retry...
2025-06-12 19:45:34,083 - INFO - Attempting to fetch data (attempt 2/2)
2025-06-12 19:45:34,083 - ERROR - Timeout error on attempt 2
2025-06-12 19:45:34,085 - ERROR - Failed to fetch data after all retry attempts
2025-06-12 19:45:34,093 - WARNING - Could not parse date: invalid-date
2025-06-12 19:45:34,133 - INFO - Data normalization completed. Shape: (2, 12)
2025-06-12 19:45:34,159 - INFO - Data normalization completed. Shape: (2, 12)
2025-06-12 19:45:34,160 - INFO - Employee data processing completed successfully
2025-06-12 19:45:34,160 - ERROR - Data list is empty
2025-06-12 19:45:34,164 - ERROR - Data is not a list
2025-06-12 19:45:34,164 - ERROR - Missing required fields: ['last_name', 'email', 'job_title', 'phone', 'gender', 'age', 'years_of_experience', 'salary', 'department']
2025-06-12 19:45:34,167 - INFO - Data structure validation passed
2025-06-12 19:51:16,554 - INFO - Attempting to fetch data (attempt 1/2)
2025-06-12 19:51:16,558 - ERROR - Connection error on attempt 1
2025-06-12 19:51:16,559 - INFO - Waiting 1 seconds before retry...
2025-06-12 19:51:17,561 - INFO - Attempting to fetch data (attempt 2/2)
2025-06-12 19:51:17,562 - ERROR - Connection error on attempt 2
2025-06-12 19:51:17,562 - ERROR - Failed to fetch data after all retry attempts
2025-06-12 19:51:17,567 - INFO - Attempting to fetch data (attempt 1/2)
2025-06-12 19:51:17,567 - ERROR - API returned status code 404: Not Found
2025-06-12 19:51:17,570 - INFO - Waiting 1 seconds before retry...
2025-06-12 19:51:18,572 - INFO - Attempting to fetch data (attempt 2/2)
2025-06-12 19:51:18,574 - ERROR - API returned status code 404: Not Found
2025-06-12 19:51:18,574 - ERROR - Failed to fetch data after all retry attempts
2025-06-12 19:51:18,581 - INFO - Attempting to fetch data (attempt 1/2)
2025-06-12 19:51:18,581 - INFO - Successfully fetched data from API
2025-06-12 19:51:18,586 - INFO - Attempting to fetch data (attempt 1/2)
2025-06-12 19:51:18,591 - ERROR - Timeout error on attempt 1
2025-06-12 19:51:18,591 - INFO - Waiting 1 seconds before retry...
2025-06-12 19:51:19,594 - INFO - Attempting to fetch data (attempt 2/2)
2025-06-12 19:51:19,594 - ERROR - Timeout error on attempt 2
2025-06-12 19:51:19,594 - ERROR - Failed to fetch data after all retry attempts
2025-06-12 19:51:19,594 - WARNING - Could not parse date: invalid-date
2025-06-12 19:51:19,639 - INFO - Data normalization completed. Shape: (2, 12)
2025-06-12 19:51:19,656 - INFO - Data normalization completed. Shape: (2, 12)
2025-06-12 19:51:19,659 - INFO - Employee data processing completed successfully
2025-06-12 19:51:19,662 - ERROR - Data list is empty
2025-06-12 19:51:19,667 - ERROR - Data is not a list
2025-06-12 19:51:19,668 - ERROR - Missing required fields: ['last_name', 'email', 'job_title', 'phone', 'gender', 'age', 'years_of_experience', 'salary', 'department']
2025-06-12 19:51:19,668 - INFO - Data structure validation passed
2025-06-14 19:40:41,921 - INFO - Attempting to fetch data (attempt 1/3)
2025-06-14 19:40:44,753 - INFO - Successfully fetched data from API
2025-06-14 19:40:44,761 - INFO - Data structure validation passed
2025-06-14 19:40:44,831 - INFO - Data normalization completed. Shape: (320, 11)
2025-06-14 19:40:44,831 - INFO - Employee data processing completed successfully
2025-06-14 19:41:22,595 - INFO - Attempting to fetch data (attempt 1/2)
2025-06-14 19:41:22,624 - ERROR - Connection error on attempt 1
2025-06-14 19:41:22,640 - INFO - Waiting 1 seconds before retry...
2025-06-14 19:41:23,660 - INFO - Attempting to fetch data (attempt 2/2)
2025-06-14 19:41:23,662 - ERROR - Connection error on attempt 2
2025-06-14 19:41:23,662 - ERROR - Failed to fetch data after all retry attempts
2025-06-14 19:41:23,662 - INFO - Attempting to fetch data (attempt 1/2)
2025-06-14 19:41:23,666 - ERROR - API returned status code 404: Not Found
2025-06-14 19:41:23,666 - INFO - Waiting 1 seconds before retry...
2025-06-14 19:41:24,668 - INFO - Attempting to fetch data (attempt 2/2)
2025-06-14 19:41:24,682 - ERROR - API returned status code 404: Not Found
2025-06-14 19:41:24,684 - ERROR - Failed to fetch data after all retry attempts
2025-06-14 19:41:24,706 - INFO - Attempting to fetch data (attempt 1/2)
2025-06-14 19:41:24,723 - INFO - Successfully fetched data from API
2025-06-14 19:41:24,734 - INFO - Attempting to fetch data (attempt 1/2)
2025-06-14 19:41:24,734 - ERROR - Timeout error on attempt 1
2025-06-14 19:41:24,734 - INFO - Waiting 1 seconds before retry...
2025-06-14 19:41:25,736 - INFO - Attempting to fetch data (attempt 2/2)
2025-06-14 19:41:25,738 - ERROR - Timeout error on attempt 2
2025-06-14 19:41:25,740 - ERROR - Failed to fetch data after all retry attempts
2025-06-14 19:41:25,750 - WARNING - Could not parse date: invalid-date
2025-06-14 19:41:25,843 - INFO - Data normalization completed. Shape: (2, 12)
2025-06-14 19:41:25,879 - INFO - Data normalization completed. Shape: (2, 12)
2025-06-14 19:41:25,889 - INFO - Employee data processing completed successfully
2025-06-14 19:41:25,907 - ERROR - Data list is empty
2025-06-14 19:41:25,911 - ERROR - Data is not a list
2025-06-14 19:41:25,915 - ERROR - Missing required fields: ['last_name', 'email', 'job_title', 'phone', 'gender', 'age', 'years_of_experience', 'salary', 'department']
2025-06-14 19:41:25,923 - INFO - Data structure validation passed
2025-06-15 18:54:13,077 - INFO - Attempting to fetch data (attempt 1/2)
2025-06-15 18:54:13,469 - ERROR - Connection error on attempt 1
2025-06-15 18:54:13,545 - INFO - Waiting 1 seconds before retry...
2025-06-15 18:54:14,578 - INFO - Attempting to fetch data (attempt 2/2)
2025-06-15 18:54:14,579 - ERROR - Connection error on attempt 2
2025-06-15 18:54:14,579 - ERROR - Failed to fetch data after all retry attempts
2025-06-15 18:54:14,656 - INFO - Attempting to fetch data (attempt 1/2)
2025-06-15 18:54:14,682 - ERROR - API returned status code 404: Not Found
2025-06-15 18:54:14,730 - INFO - Waiting 1 seconds before retry...
2025-06-15 18:54:15,758 - INFO - Attempting to fetch data (attempt 2/2)
2025-06-15 18:54:15,760 - ERROR - API returned status code 404: Not Found
2025-06-15 18:54:15,761 - ERROR - Failed to fetch data after all retry attempts
2025-06-15 18:54:15,765 - INFO - Attempting to fetch data (attempt 1/2)
2025-06-15 18:54:15,782 - INFO - Successfully fetched data from API
2025-06-15 18:54:15,809 - INFO - Attempting to fetch data (attempt 1/2)
2025-06-15 18:54:15,812 - ERROR - Timeout error on attempt 1
2025-06-15 18:54:15,814 - INFO - Waiting 1 seconds before retry...
2025-06-15 18:54:16,827 - INFO - Attempting to fetch data (attempt 2/2)
2025-06-15 18:54:16,832 - ERROR - Timeout error on attempt 2
2025-06-15 18:54:16,895 - ERROR - Failed to fetch data after all retry attempts
2025-06-15 18:54:16,906 - WARNING - Could not parse date: invalid-date
2025-06-15 18:54:16,975 - INFO - Data normalization completed. Shape: (2, 12)
2025-06-15 18:54:17,005 - INFO - Data normalization completed. Shape: (2, 12)
2025-06-15 18:54:17,006 - INFO - Employee data processing completed successfully
2025-06-15 18:54:17,010 - ERROR - Data list is empty
2025-06-15 18:54:17,032 - ERROR - Data is not a list
2025-06-15 18:54:17,035 - ERROR - Missing required fields: ['last_name', 'email', 'job_title', 'phone', 'gender', 'age', 'years_of_experience', 'salary', 'department']
2025-06-15 18:54:17,042 - INFO - Data structure validation passed
